New log file opened at Tue Jun 07 17:19:09 JST 2016 by 13183@kurashimaMBP.local
Taking next connection to: 57785
New client attempting to connect on port: 57786-57785
  Address = /172.17.1.127:57785
This client on port 57786 has uuid c02cad7c-9358-4648-8266-8ddd108c6a6f configName play-fork-run humanReadableName Play Fork Run protocolVersion 1 featureTags Vector()
Connected Clients: play-fork-run-c02cad7c-9358-4648-8266-8ddd108c6a6f
Taking next connection to: 57785
Checking to see if clients are empty...
We have 1 non-daemon clients, continuing serving connections.
Taking next connection to: 57785
Checking to see if clients are empty...
We have 1 non-daemon clients, continuing serving connections.
Taking next connection to: 57785
Checking to see if clients are empty...
We have 1 non-daemon clients, continuing serving connections.
Taking next connection to: 57785
Checking to see if clients are empty...
We have 1 non-daemon clients, continuing serving connections.
Taking next connection to: 57785
Checking to see if clients are empty...
No non-daemon clients connected after 3 min. Shutting down.
Server socket thread exiting.
0 clients open, will close them...
All client sockets have been closed.
Closing the 13183@kurashimaMBP.local logs at Tue Jun 07 17:34:09 JST 2016, goodbye.
